This file contains any messages produced by compilers while
running configure, to aid debugging if configure makes a mistake.

It was created by openvswitch configure 1.10.0, which was
generated by GNU Autoconf 2.69.  Invocation command line was

  $ ./configure --with-linux=/lib/modules/4.13.0-16-generic/build

## --------- ##
## Platform. ##
## --------- ##

hostname = lemongrab-Aspire-5830T
uname -m = x86_64
uname -r = 4.13.0-16-generic
uname -s = Linux
uname -v = #19-Ubuntu SMP Wed Oct 11 18:35:14 UTC 2017

/usr/bin/uname -p = unknown
/bin/uname -X     = unknown

/bin/arch              = unknown
/usr/bin/arch -k       = unknown
/usr/convex/getsysinfo = unknown
/usr/bin/hostinfo      = unknown
/bin/machine           = unknown
/usr/bin/oslevel       = unknown
/bin/universe          = unknown

PATH: /home/lemongrab/bin
PATH: /usr/local/sbin
PATH: /usr/local/bin
PATH: /usr/sbin
PATH: /usr/bin
PATH: /sbin
PATH: /bin
PATH: /usr/games
PATH: /usr/local/games
PATH: /snap/bin


## ----------- ##
## Core tests. ##
## ----------- ##

configure:2371: checking for a BSD-compatible install
configure:2439: result: /usr/bin/install -c
configure:2450: checking whether build environment is sane
configure:2505: result: yes
configure:2656: checking for a thread-safe mkdir -p
configure:2695: result: /bin/mkdir -p
configure:2702: checking for gawk
configure:2718: found /usr/bin/gawk
configure:2729: result: gawk
configure:2740: checking whether make sets $(MAKE)
configure:2762: result: yes
configure:2791: checking whether make supports nested variables
configure:2808: result: yes
configure:2983: checking for gcc
configure:2999: found /usr/bin/gcc
configure:3010: result: gcc
configure:3239: checking for C compiler version
configure:3248: gcc --version >&5
gcc (Ubuntu 7.2.0-8ubuntu3) 7.2.0
Copyright (C) 2017 Free Software Foundation, Inc.
This is free software; see the source for copying conditions.  There is NO
warranty; not even for MERCHANTABILITY or FITNESS FOR A PARTICULAR PURPOSE.

configure:3259: $? = 0
configure:3248: gcc -v >&5
Using built-in specs.
COLLECT_GCC=gcc
COLLECT_LTO_WRAPPER=/usr/lib/gcc/x86_64-linux-gnu/7/lto-wrapper
OFFLOAD_TARGET_NAMES=nvptx-none
OFFLOAD_TARGET_DEFAULT=1
Target: x86_64-linux-gnu
Configured with: ../src/configure -v --with-pkgversion='Ubuntu 7.2.0-8ubuntu3' --with-bugurl=file:///usr/share/doc/gcc-7/README.Bugs --enable-languages=c,ada,c++,go,brig,d,fortran,objc,obj-c++ --prefix=/usr --with-gcc-major-version-only --program-suffix=-7 --program-prefix=x86_64-linux-gnu- --enable-shared --enable-linker-build-id --libexecdir=/usr/lib --without-included-gettext --enable-threads=posix --libdir=/usr/lib --enable-nls --with-sysroot=/ --enable-clocale=gnu --enable-libstdcxx-debug --enable-libstdcxx-time=yes --with-default-libstdcxx-abi=new --enable-gnu-unique-object --disable-vtable-verify --enable-libmpx --enable-plugin --enable-default-pie --with-system-zlib --with-target-system-zlib --enable-objc-gc=auto --enable-multiarch --disable-werror --with-arch-32=i686 --with-abi=m64 --with-multilib-list=m32,m64,mx32 --enable-multilib --with-tune=generic --enable-offload-targets=nvptx-none --without-cuda-driver --enable-checking=release --build=x86_64-linux-gnu --host=x86_64-linux-gnu --target=x86_64-linux-gnu
Thread model: posix
gcc version 7.2.0 (Ubuntu 7.2.0-8ubuntu3) 
configure:3259: $? = 0
configure:3248: gcc -V >&5
gcc: error: unrecognized command line option '-V'
gcc: fatal error: no input files
compilation terminated.
configure:3259: $? = 1
configure:3248: gcc -qversion >&5
gcc: error: unrecognized command line option '-qversion'; did you mean '--version'?
gcc: fatal error: no input files
compilation terminated.
configure:3259: $? = 1
configure:3279: checking whether the C compiler works
configure:3301: gcc    conftest.c  >&5
configure:3305: $? = 0
configure:3353: result: yes
configure:3356: checking for C compiler default output file name
configure:3358: result: a.out
configure:3364: checking for suffix of executables
configure:3371: gcc -o conftest    conftest.c  >&5
configure:3375: $? = 0
configure:3397: result: 
configure:3419: checking whether we are cross compiling
configure:3427: gcc -o conftest    conftest.c  >&5
configure:3431: $? = 0
configure:3438: ./conftest
configure:3442: $? = 0
configure:3457: result: no
configure:3462: checking for suffix of object files
configure:3484: gcc -c   conftest.c >&5
configure:3488: $? = 0
configure:3509: result: o
configure:3513: checking whether we are using the GNU C compiler
configure:3532: gcc -c   conftest.c >&5
configure:3532: $? = 0
configure:3541: result: yes
configure:3550: checking whether gcc accepts -g
configure:3570: gcc -c -g  conftest.c >&5
configure:3570: $? = 0
configure:3611: result: yes
configure:3628: checking for gcc option to accept ISO C89
configure:3691: gcc  -c -g -O2  conftest.c >&5
configure:3691: $? = 0
configure:3704: result: none needed
configure:3729: checking whether gcc understands -c and -o together
configure:3751: gcc -c conftest.c -o conftest2.o
configure:3754: $? = 0
configure:3751: gcc -c conftest.c -o conftest2.o
configure:3754: $? = 0
configure:3766: result: yes
configure:3794: checking for style of include used by make
configure:3822: result: GNU
configure:3848: checking dependency style of gcc
configure:3959: result: gcc3
configure:3980: checking how to run the C preprocessor
configure:4011: gcc -E  conftest.c
configure:4011: $? = 0
configure:4025: gcc -E  conftest.c
conftest.c:11:10: fatal error: ac_nonexistent.h: No such file or directory
 #include <ac_nonexistent.h>
          ^~~~~~~~~~~~~~~~~~
compilation terminated.
configure:4025: $? = 1
configure: failed program was:
| /* confdefs.h */
| #define PACKAGE_NAME "openvswitch"
| #define PACKAGE_TARNAME "openvswitch"
| #define PACKAGE_VERSION "1.10.0"
| #define PACKAGE_STRING "openvswitch 1.10.0"
| #define PACKAGE_BUGREPORT "ovs-bugs@openvswitch.org"
| #define PACKAGE_URL ""
| #define PACKAGE "openvswitch"
| #define VERSION "1.10.0"
| /* end confdefs.h.  */
| #include <ac_nonexistent.h>
configure:4050: result: gcc -E
configure:4070: gcc -E  conftest.c
configure:4070: $? = 0
configure:4084: gcc -E  conftest.c
conftest.c:11:10: fatal error: ac_nonexistent.h: No such file or directory
 #include <ac_nonexistent.h>
          ^~~~~~~~~~~~~~~~~~
compilation terminated.
configure:4084: $? = 1
configure: failed program was:
| /* confdefs.h */
| #define PACKAGE_NAME "openvswitch"
| #define PACKAGE_TARNAME "openvswitch"
| #define PACKAGE_VERSION "1.10.0"
| #define PACKAGE_STRING "openvswitch 1.10.0"
| #define PACKAGE_BUGREPORT "ovs-bugs@openvswitch.org"
| #define PACKAGE_URL ""
| #define PACKAGE "openvswitch"
| #define VERSION "1.10.0"
| /* end confdefs.h.  */
| #include <ac_nonexistent.h>
configure:4155: checking for ranlib
configure:4171: found /usr/bin/ranlib
configure:4182: result: ranlib
configure:4205: checking for grep that handles long lines and -e
configure:4263: result: /bin/grep
configure:4268: checking for fgrep
configure:4330: result: /bin/grep -F
configure:4335: checking for egrep
configure:4397: result: /bin/grep -E
configure:4406: checking for perl
configure:4424: found /usr/bin/perl
configure:4437: result: /usr/bin/perl
configure:4455: checking for ANSI C header files
configure:4475: gcc -c -g -O2  conftest.c >&5
configure:4475: $? = 0
configure:4548: gcc -o conftest -g -O2   conftest.c  >&5
configure:4548: $? = 0
configure:4548: ./conftest
configure:4548: $? = 0
configure:4559: result: yes
configure:4572: checking for sys/types.h
configure:4572: gcc -c -g -O2  conftest.c >&5
configure:4572: $? = 0
configure:4572: result: yes
configure:4572: checking for sys/stat.h
configure:4572: gcc -c -g -O2  conftest.c >&5
configure:4572: $? = 0
configure:4572: result: yes
configure:4572: checking for stdlib.h
configure:4572: gcc -c -g -O2  conftest.c >&5
configure:4572: $? = 0
configure:4572: result: yes
configure:4572: checking for string.h
configure:4572: gcc -c -g -O2  conftest.c >&5
configure:4572: $? = 0
configure:4572: result: yes
configure:4572: checking for memory.h
configure:4572: gcc -c -g -O2  conftest.c >&5
configure:4572: $? = 0
configure:4572: result: yes
configure:4572: checking for strings.h
configure:4572: gcc -c -g -O2  conftest.c >&5
configure:4572: $? = 0
configure:4572: result: yes
configure:4572: checking for inttypes.h
configure:4572: gcc -c -g -O2  conftest.c >&5
configure:4572: $? = 0
configure:4572: result: yes
configure:4572: checking for stdint.h
configure:4572: gcc -c -g -O2  conftest.c >&5
configure:4572: $? = 0
configure:4572: result: yes
configure:4572: checking for unistd.h
configure:4572: gcc -c -g -O2  conftest.c >&5
configure:4572: $? = 0
configure:4572: result: yes
configure:4585: checking minix/config.h usability
configure:4585: gcc -c -g -O2  conftest.c >&5
conftest.c:54:10: fatal error: minix/config.h: No such file or directory
 #include <minix/config.h>
          ^~~~~~~~~~~~~~~~
compilation terminated.
configure:4585: $? = 1
configure: failed program was:
| /* confdefs.h */
| #define PACKAGE_NAME "openvswitch"
| #define PACKAGE_TARNAME "openvswitch"
| #define PACKAGE_VERSION "1.10.0"
| #define PACKAGE_STRING "openvswitch 1.10.0"
| #define PACKAGE_BUGREPORT "ovs-bugs@openvswitch.org"
| #define PACKAGE_URL ""
| #define PACKAGE "openvswitch"
| #define VERSION "1.10.0"
| #define STDC_HEADERS 1
| #define HAVE_SYS_TYPES_H 1
| #define HAVE_SYS_STAT_H 1
| #define HAVE_STDLIB_H 1
| #define HAVE_STRING_H 1
| #define HAVE_MEMORY_H 1
| #define HAVE_STRINGS_H 1
| #define HAVE_INTTYPES_H 1
| #define HAVE_STDINT_H 1
| #define HAVE_UNISTD_H 1
| /* end confdefs.h.  */
| #include <stdio.h>
| #ifdef HAVE_SYS_TYPES_H
| # include <sys/types.h>
| #endif
| #ifdef HAVE_SYS_STAT_H
| # include <sys/stat.h>
| #endif
| #ifdef STDC_HEADERS
| # include <stdlib.h>
| # include <stddef.h>
| #else
| # ifdef HAVE_STDLIB_H
| #  include <stdlib.h>
| # endif
| #endif
| #ifdef HAVE_STRING_H
| # if !defined STDC_HEADERS && defined HAVE_MEMORY_H
| #  include <memory.h>
| # endif
| # include <string.h>
| #endif
| #ifdef HAVE_STRINGS_H
| # include <strings.h>
| #endif
| #ifdef HAVE_INTTYPES_H
| # include <inttypes.h>
| #endif
| #ifdef HAVE_STDINT_H
| # include <stdint.h>
| #endif
| #ifdef HAVE_UNISTD_H
| # include <unistd.h>
| #endif
| #include <minix/config.h>
configure:4585: result: no
configure:4585: checking minix/config.h presence
configure:4585: gcc -E  conftest.c
conftest.c:21:10: fatal error: minix/config.h: No such file or directory
 #include <minix/config.h>
          ^~~~~~~~~~~~~~~~
compilation terminated.
configure:4585: $? = 1
configure: failed program was:
| /* confdefs.h */
| #define PACKAGE_NAME "openvswitch"
| #define PACKAGE_TARNAME "openvswitch"
| #define PACKAGE_VERSION "1.10.0"
| #define PACKAGE_STRING "openvswitch 1.10.0"
| #define PACKAGE_BUGREPORT "ovs-bugs@openvswitch.org"
| #define PACKAGE_URL ""
| #define PACKAGE "openvswitch"
| #define VERSION "1.10.0"
| #define STDC_HEADERS 1
| #define HAVE_SYS_TYPES_H 1
| #define HAVE_SYS_STAT_H 1
| #define HAVE_STDLIB_H 1
| #define HAVE_STRING_H 1
| #define HAVE_MEMORY_H 1
| #define HAVE_STRINGS_H 1
| #define HAVE_INTTYPES_H 1
| #define HAVE_STDINT_H 1
| #define HAVE_UNISTD_H 1
| /* end confdefs.h.  */
| #include <minix/config.h>
configure:4585: result: no
configure:4585: checking for minix/config.h
configure:4585: result: no
configure:4606: checking whether it is safe to define __EXTENSIONS__
configure:4624: gcc -c -g -O2  conftest.c >&5
configure:4624: $? = 0
configure:4631: result: yes
configure:4645: checking whether byte ordering is bigendian
configure:4660: gcc -c -g -O2  conftest.c >&5
conftest.c:27:9: error: unknown type name 'not'
         not a universal capable compiler
         ^~~
conftest.c:27:15: error: expected '=', ',', ';', 'asm' or '__attribute__' before 'universal'
         not a universal capable compiler
               ^~~~~~~~~
conftest.c:27:15: error: unknown type name 'universal'
configure:4660: $? = 1
configure: failed program was:
| /* confdefs.h */
| #define PACKAGE_NAME "openvswitch"
| #define PACKAGE_TARNAME "openvswitch"
| #define PACKAGE_VERSION "1.10.0"
| #define PACKAGE_STRING "openvswitch 1.10.0"
| #define PACKAGE_BUGREPORT "ovs-bugs@openvswitch.org"
| #define PACKAGE_URL ""
| #define PACKAGE "openvswitch"
| #define VERSION "1.10.0"
| #define STDC_HEADERS 1
| #define HAVE_SYS_TYPES_H 1
| #define HAVE_SYS_STAT_H 1
| #define HAVE_STDLIB_H 1
| #define HAVE_STRING_H 1
| #define HAVE_MEMORY_H 1
| #define HAVE_STRINGS_H 1
| #define HAVE_INTTYPES_H 1
| #define HAVE_STDINT_H 1
| #define HAVE_UNISTD_H 1
| #define __EXTENSIONS__ 1
| #define _ALL_SOURCE 1
| #define _GNU_SOURCE 1
| #define _POSIX_PTHREAD_SEMANTICS 1
| #define _TANDEM_SOURCE 1
| /* end confdefs.h.  */
| #ifndef __APPLE_CC__
| 	       not a universal capable compiler
| 	     #endif
| 	     typedef int dummy;
| 
configure:4705: gcc -c -g -O2  conftest.c >&5
configure:4705: $? = 0
configure:4723: gcc -c -g -O2  conftest.c >&5
conftest.c: In function 'main':
conftest.c:33:4: error: unknown type name 'not'; did you mean 'ino_t'?
    not big endian
    ^~~
    ino_t
conftest.c:33:12: error: expected '=', ',', ';', 'asm' or '__attribute__' before 'endian'
    not big endian
            ^~~~~~
configure:4723: $? = 1
configure: failed program was:
| /* confdefs.h */
| #define PACKAGE_NAME "openvswitch"
| #define PACKAGE_TARNAME "openvswitch"
| #define PACKAGE_VERSION "1.10.0"
| #define PACKAGE_STRING "openvswitch 1.10.0"
| #define PACKAGE_BUGREPORT "ovs-bugs@openvswitch.org"
| #define PACKAGE_URL ""
| #define PACKAGE "openvswitch"
| #define VERSION "1.10.0"
| #define STDC_HEADERS 1
| #define HAVE_SYS_TYPES_H 1
| #define HAVE_SYS_STAT_H 1
| #define HAVE_STDLIB_H 1
| #define HAVE_STRING_H 1
| #define HAVE_MEMORY_H 1
| #define HAVE_STRINGS_H 1
| #define HAVE_INTTYPES_H 1
| #define HAVE_STDINT_H 1
| #define HAVE_UNISTD_H 1
| #define __EXTENSIONS__ 1
| #define _ALL_SOURCE 1
| #define _GNU_SOURCE 1
| #define _POSIX_PTHREAD_SEMANTICS 1
| #define _TANDEM_SOURCE 1
| /* end confdefs.h.  */
| #include <sys/types.h>
| 		#include <sys/param.h>
| 
| int
| main ()
| {
| #if BYTE_ORDER != BIG_ENDIAN
| 		 not big endian
| 		#endif
| 
|   ;
|   return 0;
| }
configure:4851: result: no
configure:4876: checking for special C compiler options needed for large files
configure:4921: result: no
configure:4927: checking for _FILE_OFFSET_BITS value needed for large files
configure:4952: gcc -c -g -O2  conftest.c >&5
configure:4952: $? = 0
configure:4984: result: no
configure:5070: checking for library containing pow
configure:5101: gcc -o conftest -g -O2   conftest.c  >&5
conftest.c:33:6: warning: conflicting types for built-in function 'pow' [-Wbuiltin-declaration-mismatch]
 char pow ();
      ^~~
/tmp/cc842WfA.o: In function `main':
/home/lemongrab/Documents/DistrubutedSystemLab/openvswitch-1.10.0/conftest.c:37: undefined reference to `pow'
collect2: error: ld returned 1 exit status
configure:5101: $? = 1
configure: failed program was:
| /* confdefs.h */
| #define PACKAGE_NAME "openvswitch"
| #define PACKAGE_TARNAME "openvswitch"
| #define PACKAGE_VERSION "1.10.0"
| #define PACKAGE_STRING "openvswitch 1.10.0"
| #define PACKAGE_BUGREPORT "ovs-bugs@openvswitch.org"
| #define PACKAGE_URL ""
| #define PACKAGE "openvswitch"
| #define VERSION "1.10.0"
| #define STDC_HEADERS 1
| #define HAVE_SYS_TYPES_H 1
| #define HAVE_SYS_STAT_H 1
| #define HAVE_STDLIB_H 1
| #define HAVE_STRING_H 1
| #define HAVE_MEMORY_H 1
| #define HAVE_STRINGS_H 1
| #define HAVE_INTTYPES_H 1
| #define HAVE_STDINT_H 1
| #define HAVE_UNISTD_H 1
| #define __EXTENSIONS__ 1
| #define _ALL_SOURCE 1
| #define _GNU_SOURCE 1
| #define _POSIX_PTHREAD_SEMANTICS 1
| #define _TANDEM_SOURCE 1
| /* end confdefs.h.  */
| 
| /* Override any GCC internal prototype to avoid an error.
|    Use char because int might match the return type of a GCC
|    builtin and then its argument prototype would still apply.  */
| #ifdef __cplusplus
| extern "C"
| #endif
| char pow ();
| int
| main ()
| {
| return pow ();
|   ;
|   return 0;
| }
configure:5101: gcc -o conftest -g -O2   conftest.c -lm   >&5
conftest.c:33:6: warning: conflicting types for built-in function 'pow' [-Wbuiltin-declaration-mismatch]
 char pow ();
      ^~~
configure:5101: $? = 0
configure:5118: result: -lm
configure:5126: checking for library containing clock_gettime
configure:5157: gcc -o conftest -g -O2   conftest.c -lm  >&5
configure:5157: $? = 0
configure:5174: result: none required
configure:5182: checking for library containing timer_create
configure:5213: gcc -o conftest -g -O2   conftest.c -lm  >&5
/tmp/ccW0vwaG.o: In function `main':
/home/lemongrab/Documents/DistrubutedSystemLab/openvswitch-1.10.0/conftest.c:37: undefined reference to `timer_create'
collect2: error: ld returned 1 exit status
configure:5213: $? = 1
configure: failed program was:
| /* confdefs.h */
| #define PACKAGE_NAME "openvswitch"
| #define PACKAGE_TARNAME "openvswitch"
| #define PACKAGE_VERSION "1.10.0"
| #define PACKAGE_STRING "openvswitch 1.10.0"
| #define PACKAGE_BUGREPORT "ovs-bugs@openvswitch.org"
| #define PACKAGE_URL ""
| #define PACKAGE "openvswitch"
| #define VERSION "1.10.0"
| #define STDC_HEADERS 1
| #define HAVE_SYS_TYPES_H 1
| #define HAVE_SYS_STAT_H 1
| #define HAVE_STDLIB_H 1
| #define HAVE_STRING_H 1
| #define HAVE_MEMORY_H 1
| #define HAVE_STRINGS_H 1
| #define HAVE_INTTYPES_H 1
| #define HAVE_STDINT_H 1
| #define HAVE_UNISTD_H 1
| #define __EXTENSIONS__ 1
| #define _ALL_SOURCE 1
| #define _GNU_SOURCE 1
| #define _POSIX_PTHREAD_SEMANTICS 1
| #define _TANDEM_SOURCE 1
| /* end confdefs.h.  */
| 
| /* Override any GCC internal prototype to avoid an error.
|    Use char because int might match the return type of a GCC
|    builtin and then its argument prototype would still apply.  */
| #ifdef __cplusplus
| extern "C"
| #endif
| char timer_create ();
| int
| main ()
| {
| return timer_create ();
|   ;
|   return 0;
| }
configure:5213: gcc -o conftest -g -O2   conftest.c -lrt  -lm  >&5
configure:5213: $? = 0
configure:5230: result: -lrt
configure:5238: checking for library containing pcap_open_live
configure:5269: gcc -o conftest -g -O2   conftest.c -lrt -lm  >&5
/tmp/ccrja6LQ.o: In function `main':
/home/lemongrab/Documents/DistrubutedSystemLab/openvswitch-1.10.0/conftest.c:37: undefined reference to `pcap_open_live'
collect2: error: ld returned 1 exit status
configure:5269: $? = 1
configure: failed program was:
| /* confdefs.h */
| #define PACKAGE_NAME "openvswitch"
| #define PACKAGE_TARNAME "openvswitch"
| #define PACKAGE_VERSION "1.10.0"
| #define PACKAGE_STRING "openvswitch 1.10.0"
| #define PACKAGE_BUGREPORT "ovs-bugs@openvswitch.org"
| #define PACKAGE_URL ""
| #define PACKAGE "openvswitch"
| #define VERSION "1.10.0"
| #define STDC_HEADERS 1
| #define HAVE_SYS_TYPES_H 1
| #define HAVE_SYS_STAT_H 1
| #define HAVE_STDLIB_H 1
| #define HAVE_STRING_H 1
| #define HAVE_MEMORY_H 1
| #define HAVE_STRINGS_H 1
| #define HAVE_INTTYPES_H 1
| #define HAVE_STDINT_H 1
| #define HAVE_UNISTD_H 1
| #define __EXTENSIONS__ 1
| #define _ALL_SOURCE 1
| #define _GNU_SOURCE 1
| #define _POSIX_PTHREAD_SEMANTICS 1
| #define _TANDEM_SOURCE 1
| /* end confdefs.h.  */
| 
| /* Override any GCC internal prototype to avoid an error.
|    Use char because int might match the return type of a GCC
|    builtin and then its argument prototype would still apply.  */
| #ifdef __cplusplus
| extern "C"
| #endif
| char pcap_open_live ();
| int
| main ()
| {
| return pcap_open_live ();
|   ;
|   return 0;
| }
configure:5269: gcc -o conftest -g -O2   conftest.c -lpcap  -lrt -lm  >&5
/usr/bin/ld: cannot find -lpcap
collect2: error: ld returned 1 exit status
configure:5269: $? = 1
configure: failed program was:
| /* confdefs.h */
| #define PACKAGE_NAME "openvswitch"
| #define PACKAGE_TARNAME "openvswitch"
| #define PACKAGE_VERSION "1.10.0"
| #define PACKAGE_STRING "openvswitch 1.10.0"
| #define PACKAGE_BUGREPORT "ovs-bugs@openvswitch.org"
| #define PACKAGE_URL ""
| #define PACKAGE "openvswitch"
| #define VERSION "1.10.0"
| #define STDC_HEADERS 1
| #define HAVE_SYS_TYPES_H 1
| #define HAVE_SYS_STAT_H 1
| #define HAVE_STDLIB_H 1
| #define HAVE_STRING_H 1
| #define HAVE_MEMORY_H 1
| #define HAVE_STRINGS_H 1
| #define HAVE_INTTYPES_H 1
| #define HAVE_STDINT_H 1
| #define HAVE_UNISTD_H 1
| #define __EXTENSIONS__ 1
| #define _ALL_SOURCE 1
| #define _GNU_SOURCE 1
| #define _POSIX_PTHREAD_SEMANTICS 1
| #define _TANDEM_SOURCE 1
| /* end confdefs.h.  */
| 
| /* Override any GCC internal prototype to avoid an error.
|    Use char because int might match the return type of a GCC
|    builtin and then its argument prototype would still apply.  */
| #ifdef __cplusplus
| extern "C"
| #endif
| char pcap_open_live ();
| int
| main ()
| {
| return pcap_open_live ();
|   ;
|   return 0;
| }
configure:5286: result: no
configure:5295: checking vmware.h usability
configure:5295: gcc -c -g -O2  conftest.c >&5
conftest.c:59:10: fatal error: vmware.h: No such file or directory
 #include <vmware.h>
          ^~~~~~~~~~
compilation terminated.
configure:5295: $? = 1
configure: failed program was:
| /* confdefs.h */
| #define PACKAGE_NAME "openvswitch"
| #define PACKAGE_TARNAME "openvswitch"
| #define PACKAGE_VERSION "1.10.0"
| #define PACKAGE_STRING "openvswitch 1.10.0"
| #define PACKAGE_BUGREPORT "ovs-bugs@openvswitch.org"
| #define PACKAGE_URL ""
| #define PACKAGE "openvswitch"
| #define VERSION "1.10.0"
| #define STDC_HEADERS 1
| #define HAVE_SYS_TYPES_H 1
| #define HAVE_SYS_STAT_H 1
| #define HAVE_STDLIB_H 1
| #define HAVE_STRING_H 1
| #define HAVE_MEMORY_H 1
| #define HAVE_STRINGS_H 1
| #define HAVE_INTTYPES_H 1
| #define HAVE_STDINT_H 1
| #define HAVE_UNISTD_H 1
| #define __EXTENSIONS__ 1
| #define _ALL_SOURCE 1
| #define _GNU_SOURCE 1
| #define _POSIX_PTHREAD_SEMANTICS 1
| #define _TANDEM_SOURCE 1
| /* end confdefs.h.  */
| #include <stdio.h>
| #ifdef HAVE_SYS_TYPES_H
| # include <sys/types.h>
| #endif
| #ifdef HAVE_SYS_STAT_H
| # include <sys/stat.h>
| #endif
| #ifdef STDC_HEADERS
| # include <stdlib.h>
| # include <stddef.h>
| #else
| # ifdef HAVE_STDLIB_H
| #  include <stdlib.h>
| # endif
| #endif
| #ifdef HAVE_STRING_H
| # if !defined STDC_HEADERS && defined HAVE_MEMORY_H
| #  include <memory.h>
| # endif
| # include <string.h>
| #endif
| #ifdef HAVE_STRINGS_H
| # include <strings.h>
| #endif
| #ifdef HAVE_INTTYPES_H
| # include <inttypes.h>
| #endif
| #ifdef HAVE_STDINT_H
| # include <stdint.h>
| #endif
| #ifdef HAVE_UNISTD_H
| # include <unistd.h>
| #endif
| #include <vmware.h>
configure:5295: result: no
configure:5295: checking vmware.h presence
configure:5295: gcc -E  conftest.c
conftest.c:26:10: fatal error: vmware.h: No such file or directory
 #include <vmware.h>
          ^~~~~~~~~~
compilation terminated.
configure:5295: $? = 1
configure: failed program was:
| /* confdefs.h */
| #define PACKAGE_NAME "openvswitch"
| #define PACKAGE_TARNAME "openvswitch"
| #define PACKAGE_VERSION "1.10.0"
| #define PACKAGE_STRING "openvswitch 1.10.0"
| #define PACKAGE_BUGREPORT "ovs-bugs@openvswitch.org"
| #define PACKAGE_URL ""
| #define PACKAGE "openvswitch"
| #define VERSION "1.10.0"
| #define STDC_HEADERS 1
| #define HAVE_SYS_TYPES_H 1
| #define HAVE_SYS_STAT_H 1
| #define HAVE_STDLIB_H 1
| #define HAVE_STRING_H 1
| #define HAVE_MEMORY_H 1
| #define HAVE_STRINGS_H 1
| #define HAVE_INTTYPES_H 1
| #define HAVE_STDINT_H 1
| #define HAVE_UNISTD_H 1
| #define __EXTENSIONS__ 1
| #define _ALL_SOURCE 1
| #define _GNU_SOURCE 1
| #define _POSIX_PTHREAD_SEMANTICS 1
| #define _TANDEM_SOURCE 1
| /* end confdefs.h.  */
| #include <vmware.h>
configure:5295: result: no
configure:5295: checking for vmware.h
configure:5295: result: no
configure:5351: checking for linux/netlink.h
configure:5351: gcc -c -g -O2  conftest.c >&5
configure:5351: $? = 0
configure:5351: result: yes
configure:5429: checking for pkg-config
configure:5447: found /usr/bin/pkg-config
configure:5459: result: /usr/bin/pkg-config
configure:5484: checking pkg-config is at least version 0.9.0
configure:5487: result: yes
configure:5511: checking for SSL
configure:5518: $PKG_CONFIG --exists --print-errors "openssl"
Package openssl was not found in the pkg-config search path.
Perhaps you should add the directory containing `openssl.pc'
to the PKG_CONFIG_PATH environment variable
No package 'openssl' found
configure:5521: $? = 1
configure:5535: $PKG_CONFIG --exists --print-errors "openssl"
Package openssl was not found in the pkg-config search path.
Perhaps you should add the directory containing `openssl.pc'
to the PKG_CONFIG_PATH environment variable
No package 'openssl' found
configure:5538: $? = 1
configure:5552: result: no
No package 'openssl' found
configure:5575: WARNING: Cannot find openssl:

No package 'openssl' found

OpenFlow connections over SSL will not be supported.
(You may use --disable-ssl to suppress this warning.)
configure:5638: checking for Python 2.x for x >= 4
configure:5664: result: /usr/bin/python
configure:5684: checking for pyuic4
configure:5695: result: no
configure:5704: checking for PySide.QtCore Python module
running /usr/bin/python -c 'import PySide.QtCore
import sys
sys.exit(0)'...
Traceback (most recent call last):
  File "<string>", line 1, in <module>
ImportError: No module named PySide.QtCore
configure:5721: result: no
configure:5724: checking for PyQt4.QtCore Python module
running /usr/bin/python -c 'import PyQt4.QtCore
import sys
sys.exit(0)'...
Traceback (most recent call last):
  File "<string>", line 1, in <module>
ImportError: No module named PyQt4.QtCore
configure:5741: result: no
configure:5744: checking for twisted.conch.ssh Python module
running /usr/bin/python -c 'import twisted.conch.ssh
import sys
sys.exit(0)'...
configure:5761: result: yes
configure:5764: checking for twisted.internet Python module
running /usr/bin/python -c 'import twisted.internet
import sys
sys.exit(0)'...
configure:5781: result: yes
configure:5784: checking for twisted.application Python module
running /usr/bin/python -c 'import twisted.application
import sys
sys.exit(0)'...
configure:5801: result: yes
configure:5804: checking for json Python module
running /usr/bin/python -c 'import json
import sys
sys.exit(0)'...
configure:5821: result: yes
configure:5824: checking for zope.interface Python module
running /usr/bin/python -c 'import zope.interface
import sys
sys.exit(0)'...
configure:5841: result: yes
configure:5854: checking whether to build ovsdbmonitor
configure:5856: result: no
configure:5866: checking for dot
configure:5877: result: no
configure:5887: checking net/if_packet.h usability
configure:5887: gcc -c -g -O2  conftest.c >&5
configure:5887: $? = 0
configure:5887: result: yes
configure:5887: checking net/if_packet.h presence
configure:5887: gcc -E  conftest.c
configure:5887: $? = 0
configure:5887: result: yes
configure:5887: checking for net/if_packet.h
configure:5887: result: yes
configure:5908: checking net/if_dl.h usability
configure:5908: gcc -c -g -O2  conftest.c >&5
conftest.c:61:10: fatal error: net/if_dl.h: No such file or directory
 #include <net/if_dl.h>
          ^~~~~~~~~~~~~
compilation terminated.
configure:5908: $? = 1
configure: failed program was:
| /* confdefs.h */
| #define PACKAGE_NAME "openvswitch"
| #define PACKAGE_TARNAME "openvswitch"
| #define PACKAGE_VERSION "1.10.0"
| #define PACKAGE_STRING "openvswitch 1.10.0"
| #define PACKAGE_BUGREPORT "ovs-bugs@openvswitch.org"
| #define PACKAGE_URL ""
| #define PACKAGE "openvswitch"
| #define VERSION "1.10.0"
| #define STDC_HEADERS 1
| #define HAVE_SYS_TYPES_H 1
| #define HAVE_SYS_STAT_H 1
| #define HAVE_STDLIB_H 1
| #define HAVE_STRING_H 1
| #define HAVE_MEMORY_H 1
| #define HAVE_STRINGS_H 1
| #define HAVE_INTTYPES_H 1
| #define HAVE_STDINT_H 1
| #define HAVE_UNISTD_H 1
| #define __EXTENSIONS__ 1
| #define _ALL_SOURCE 1
| #define _GNU_SOURCE 1
| #define _POSIX_PTHREAD_SEMANTICS 1
| #define _TANDEM_SOURCE 1
| #define HAVE_NETLINK 1
| #define HAVE_IF_PACKET 1
| /* end confdefs.h.  */
| #include <stdio.h>
| #ifdef HAVE_SYS_TYPES_H
| # include <sys/types.h>
| #endif
| #ifdef HAVE_SYS_STAT_H
| # include <sys/stat.h>
| #endif
| #ifdef STDC_HEADERS
| # include <stdlib.h>
| # include <stddef.h>
| #else
| # ifdef HAVE_STDLIB_H
| #  include <stdlib.h>
| # endif
| #endif
| #ifdef HAVE_STRING_H
| # if !defined STDC_HEADERS && defined HAVE_MEMORY_H
| #  include <memory.h>
| # endif
| # include <string.h>
| #endif
| #ifdef HAVE_STRINGS_H
| # include <strings.h>
| #endif
| #ifdef HAVE_INTTYPES_H
| # include <inttypes.h>
| #endif
| #ifdef HAVE_STDINT_H
| # include <stdint.h>
| #endif
| #ifdef HAVE_UNISTD_H
| # include <unistd.h>
| #endif
| #include <net/if_dl.h>
configure:5908: result: no
configure:5908: checking net/if_dl.h presence
configure:5908: gcc -E  conftest.c
conftest.c:28:10: fatal error: net/if_dl.h: No such file or directory
 #include <net/if_dl.h>
          ^~~~~~~~~~~~~
compilation terminated.
configure:5908: $? = 1
configure: failed program was:
| /* confdefs.h */
| #define PACKAGE_NAME "openvswitch"
| #define PACKAGE_TARNAME "openvswitch"
| #define PACKAGE_VERSION "1.10.0"
| #define PACKAGE_STRING "openvswitch 1.10.0"
| #define PACKAGE_BUGREPORT "ovs-bugs@openvswitch.org"
| #define PACKAGE_URL ""
| #define PACKAGE "openvswitch"
| #define VERSION "1.10.0"
| #define STDC_HEADERS 1
| #define HAVE_SYS_TYPES_H 1
| #define HAVE_SYS_STAT_H 1
| #define HAVE_STDLIB_H 1
| #define HAVE_STRING_H 1
| #define HAVE_MEMORY_H 1
| #define HAVE_STRINGS_H 1
| #define HAVE_INTTYPES_H 1
| #define HAVE_STDINT_H 1
| #define HAVE_UNISTD_H 1
| #define __EXTENSIONS__ 1
| #define _ALL_SOURCE 1
| #define _GNU_SOURCE 1
| #define _POSIX_PTHREAD_SEMANTICS 1
| #define _TANDEM_SOURCE 1
| #define HAVE_NETLINK 1
| #define HAVE_IF_PACKET 1
| /* end confdefs.h.  */
| #include <net/if_dl.h>
configure:5908: result: no
configure:5908: checking for net/if_dl.h
configure:5908: result: no
configure:5929: checking whether strtok_r macro segfaults on some inputs
configure:5958: gcc -o conftest -g -O2   conftest.c -lrt -lm  >&5
conftest.c: In function 'main':
conftest.c:39:28: warning: ignoring return value of 'freopen', declared with attribute warn_unused_result [-Wunused-result]
                            freopen ("/dev/null", "w", stdout);
                            ^~~~~~~~~~~~~~~~~~~~~~~~~~~~~~~~~~
configure:5958: $? = 0
configure:5958: ./conftest
configure:5958: $? = 0
configure:5968: result: no
configure:5976: checking for struct stat.st_mtim.tv_nsec
configure:5976: gcc -c -g -O2  conftest.c >&5
configure:5976: $? = 0
configure:5976: result: yes
configure:5986: checking for struct stat.st_mtimensec
configure:5986: gcc -c -g -O2  conftest.c >&5
conftest.c: In function 'main':
conftest.c:35:13: error: 'struct stat' has no member named 'st_mtimensec'; did you mean 'st_mtim'?
 if (ac_aggr.st_mtimensec)
             ^~~~~~~~~~~~
             st_mtim
configure:5986: $? = 1
configure: failed program was:
| /* confdefs.h */
| #define PACKAGE_NAME "openvswitch"
| #define PACKAGE_TARNAME "openvswitch"
| #define PACKAGE_VERSION "1.10.0"
| #define PACKAGE_STRING "openvswitch 1.10.0"
| #define PACKAGE_BUGREPORT "ovs-bugs@openvswitch.org"
| #define PACKAGE_URL ""
| #define PACKAGE "openvswitch"
| #define VERSION "1.10.0"
| #define STDC_HEADERS 1
| #define HAVE_SYS_TYPES_H 1
| #define HAVE_SYS_STAT_H 1
| #define HAVE_STDLIB_H 1
| #define HAVE_STRING_H 1
| #define HAVE_MEMORY_H 1
| #define HAVE_STRINGS_H 1
| #define HAVE_INTTYPES_H 1
| #define HAVE_STDINT_H 1
| #define HAVE_UNISTD_H 1
| #define __EXTENSIONS__ 1
| #define _ALL_SOURCE 1
| #define _GNU_SOURCE 1
| #define _POSIX_PTHREAD_SEMANTICS 1
| #define _TANDEM_SOURCE 1
| #define HAVE_NETLINK 1
| #define HAVE_IF_PACKET 1
| #define HAVE_STRUCT_STAT_ST_MTIM_TV_NSEC 1
| /* end confdefs.h.  */
| #include <sys/stat.h>
| 
| int
| main ()
| {
| static struct stat ac_aggr;
| if (ac_aggr.st_mtimensec)
| return 0;
|   ;
|   return 0;
| }
configure:5986: gcc -c -g -O2  conftest.c >&5
conftest.c: In function 'main':
conftest.c:35:20: error: 'struct stat' has no member named 'st_mtimensec'; did you mean 'st_mtim'?
 if (sizeof ac_aggr.st_mtimensec)
                    ^~~~~~~~~~~~
                    st_mtim
configure:5986: $? = 1
configure: failed program was:
| /* confdefs.h */
| #define PACKAGE_NAME "openvswitch"
| #define PACKAGE_TARNAME "openvswitch"
| #define PACKAGE_VERSION "1.10.0"
| #define PACKAGE_STRING "openvswitch 1.10.0"
| #define PACKAGE_BUGREPORT "ovs-bugs@openvswitch.org"
| #define PACKAGE_URL ""
| #define PACKAGE "openvswitch"
| #define VERSION "1.10.0"
| #define STDC_HEADERS 1
| #define HAVE_SYS_TYPES_H 1
| #define HAVE_SYS_STAT_H 1
| #define HAVE_STDLIB_H 1
| #define HAVE_STRING_H 1
| #define HAVE_MEMORY_H 1
| #define HAVE_STRINGS_H 1
| #define HAVE_INTTYPES_H 1
| #define HAVE_STDINT_H 1
| #define HAVE_UNISTD_H 1
| #define __EXTENSIONS__ 1
| #define _ALL_SOURCE 1
| #define _GNU_SOURCE 1
| #define _POSIX_PTHREAD_SEMANTICS 1
| #define _TANDEM_SOURCE 1
| #define HAVE_NETLINK 1
| #define HAVE_IF_PACKET 1
| #define HAVE_STRUCT_STAT_ST_MTIM_TV_NSEC 1
| /* end confdefs.h.  */
| #include <sys/stat.h>
| 
| int
| main ()
| {
| static struct stat ac_aggr;
| if (sizeof ac_aggr.st_mtimensec)
| return 0;
|   ;
|   return 0;
| }
configure:5986: result: no
configure:6000: checking for mlockall
configure:6000: gcc -o conftest -g -O2   conftest.c -lrt -lm  >&5
configure:6000: $? = 0
configure:6000: result: yes
configure:6000: checking for strnlen
configure:6000: gcc -o conftest -g -O2   conftest.c -lrt -lm  >&5
configure:6000: $? = 0
configure:6000: result: yes
configure:6000: checking for strsignal
configure:6000: gcc -o conftest -g -O2   conftest.c -lrt -lm  >&5
configure:6000: $? = 0
configure:6000: result: yes
configure:6000: checking for getloadavg
configure:6000: gcc -o conftest -g -O2   conftest.c -lrt -lm  >&5
configure:6000: $? = 0
configure:6000: result: yes
configure:6000: checking for statvfs
configure:6000: gcc -o conftest -g -O2   conftest.c -lrt -lm  >&5
configure:6000: $? = 0
configure:6000: result: yes
configure:6000: checking for setmntent
configure:6000: gcc -o conftest -g -O2   conftest.c -lrt -lm  >&5
configure:6000: $? = 0
configure:6000: result: yes
configure:6012: checking mntent.h usability
configure:6012: gcc -c -g -O2  conftest.c >&5
configure:6012: $? = 0
configure:6012: result: yes
configure:6012: checking mntent.h presence
configure:6012: gcc -E  conftest.c
configure:6012: $? = 0
configure:6012: result: yes
configure:6012: checking for mntent.h
configure:6012: result: yes
configure:6012: checking sys/statvfs.h usability
configure:6012: gcc -c -g -O2  conftest.c >&5
configure:6012: $? = 0
configure:6012: result: yes
configure:6012: checking sys/statvfs.h presence
configure:6012: gcc -E  conftest.c
configure:6012: $? = 0
configure:6012: result: yes
configure:6012: checking for sys/statvfs.h
configure:6012: result: yes
configure:6012: checking linux/types.h usability
configure:6012: gcc -c -g -O2  conftest.c >&5
configure:6012: $? = 0
configure:6012: result: yes
configure:6012: checking linux/types.h presence
configure:6012: gcc -E  conftest.c
configure:6012: $? = 0
configure:6012: result: yes
configure:6012: checking for linux/types.h
configure:6012: result: yes
configure:6012: checking execinfo.h usability
configure:6012: gcc -c -g -O2  conftest.c >&5
configure:6012: $? = 0
configure:6012: result: yes
configure:6012: checking execinfo.h presence
configure:6012: gcc -E  conftest.c
configure:6012: $? = 0
configure:6012: result: yes
configure:6012: checking for execinfo.h
configure:6012: result: yes
configure:6050: checking for execinfo.h
configure:6050: result: yes
configure:6054: checking for backtrace
configure:6054: gcc -o conftest -g -O2   conftest.c -lrt -lm  >&5
configure:6054: $? = 0
configure:6054: result: yes
configure:6066: checking whether libc supports hooks for malloc and related functions
configure:6085: gcc -c -g -O2  conftest.c >&5
conftest.c: In function 'main':
conftest.c:45:1: warning: '__malloc_hook' is deprecated [-Wdeprecated-declarations]
 (void) __malloc_hook;
 ^
In file included from conftest.c:40:0:
/usr/include/malloc.h:146:39: note: declared here
 extern void *(*__MALLOC_HOOK_VOLATILE __malloc_hook)(size_t __size,
                                       ^~~~~~~~~~~~~
conftest.c:46:11: warning: '__realloc_hook' is deprecated [-Wdeprecated-declarations]
           (void) __realloc_hook;
           ^
In file included from conftest.c:40:0:
/usr/include/malloc.h:149:39: note: declared here
 extern void *(*__MALLOC_HOOK_VOLATILE __realloc_hook)(void *__ptr,
                                       ^~~~~~~~~~~~~~
conftest.c:47:11: warning: '__free_hook' is deprecated [-Wdeprecated-declarations]
           (void) __free_hook;
           ^
In file included from conftest.c:40:0:
/usr/include/malloc.h:143:38: note: declared here
 extern void (*__MALLOC_HOOK_VOLATILE __free_hook) (void *__ptr,
                                      ^~~~~~~~~~~
configure:6085: $? = 0
configure:6092: result: yes
configure:6101: checking valgrind/valgrind.h usability
configure:6101: gcc -c -g -O2  conftest.c >&5
conftest.c:74:10: fatal error: valgrind/valgrind.h: No such file or directory
 #include <valgrind/valgrind.h>
          ^~~~~~~~~~~~~~~~~~~~~
compilation terminated.
configure:6101: $? = 1
configure: failed program was:
| /* confdefs.h */
| #define PACKAGE_NAME "openvswitch"
| #define PACKAGE_TARNAME "openvswitch"
| #define PACKAGE_VERSION "1.10.0"
| #define PACKAGE_STRING "openvswitch 1.10.0"
| #define PACKAGE_BUGREPORT "ovs-bugs@openvswitch.org"
| #define PACKAGE_URL ""
| #define PACKAGE "openvswitch"
| #define VERSION "1.10.0"
| #define STDC_HEADERS 1
| #define HAVE_SYS_TYPES_H 1
| #define HAVE_SYS_STAT_H 1
| #define HAVE_STDLIB_H 1
| #define HAVE_STRING_H 1
| #define HAVE_MEMORY_H 1
| #define HAVE_STRINGS_H 1
| #define HAVE_INTTYPES_H 1
| #define HAVE_STDINT_H 1
| #define HAVE_UNISTD_H 1
| #define __EXTENSIONS__ 1
| #define _ALL_SOURCE 1
| #define _GNU_SOURCE 1
| #define _POSIX_PTHREAD_SEMANTICS 1
| #define _TANDEM_SOURCE 1
| #define HAVE_NETLINK 1
| #define HAVE_IF_PACKET 1
| #define HAVE_STRUCT_STAT_ST_MTIM_TV_NSEC 1
| #define HAVE_MLOCKALL 1
| #define HAVE_STRNLEN 1
| #define HAVE_STRSIGNAL 1
| #define HAVE_GETLOADAVG 1
| #define HAVE_STATVFS 1
| #define HAVE_SETMNTENT 1
| #define HAVE_MNTENT_H 1
| #define HAVE_SYS_STATVFS_H 1
| #define HAVE_LINUX_TYPES_H 1
| #define HAVE_EXECINFO_H 1
| #define HAVE_BACKTRACE 1
| #define HAVE_MALLOC_HOOKS 1
| /* end confdefs.h.  */
| #include <stdio.h>
| #ifdef HAVE_SYS_TYPES_H
| # include <sys/types.h>
| #endif
| #ifdef HAVE_SYS_STAT_H
| # include <sys/stat.h>
| #endif
| #ifdef STDC_HEADERS
| # include <stdlib.h>
| # include <stddef.h>
| #else
| # ifdef HAVE_STDLIB_H
| #  include <stdlib.h>
| # endif
| #endif
| #ifdef HAVE_STRING_H
| # if !defined STDC_HEADERS && defined HAVE_MEMORY_H
| #  include <memory.h>
| # endif
| # include <string.h>
| #endif
| #ifdef HAVE_STRINGS_H
| # include <strings.h>
| #endif
| #ifdef HAVE_INTTYPES_H
| # include <inttypes.h>
| #endif
| #ifdef HAVE_STDINT_H
| # include <stdint.h>
| #endif
| #ifdef HAVE_UNISTD_H
| # include <unistd.h>
| #endif
| #include <valgrind/valgrind.h>
configure:6101: result: no
configure:6101: checking valgrind/valgrind.h presence
configure:6101: gcc -E  conftest.c
conftest.c:41:10: fatal error: valgrind/valgrind.h: No such file or directory
 #include <valgrind/valgrind.h>
          ^~~~~~~~~~~~~~~~~~~~~
compilation terminated.
configure:6101: $? = 1
configure: failed program was:
| /* confdefs.h */
| #define PACKAGE_NAME "openvswitch"
| #define PACKAGE_TARNAME "openvswitch"
| #define PACKAGE_VERSION "1.10.0"
| #define PACKAGE_STRING "openvswitch 1.10.0"
| #define PACKAGE_BUGREPORT "ovs-bugs@openvswitch.org"
| #define PACKAGE_URL ""
| #define PACKAGE "openvswitch"
| #define VERSION "1.10.0"
| #define STDC_HEADERS 1
| #define HAVE_SYS_TYPES_H 1
| #define HAVE_SYS_STAT_H 1
| #define HAVE_STDLIB_H 1
| #define HAVE_STRING_H 1
| #define HAVE_MEMORY_H 1
| #define HAVE_STRINGS_H 1
| #define HAVE_INTTYPES_H 1
| #define HAVE_STDINT_H 1
| #define HAVE_UNISTD_H 1
| #define __EXTENSIONS__ 1
| #define _ALL_SOURCE 1
| #define _GNU_SOURCE 1
| #define _POSIX_PTHREAD_SEMANTICS 1
| #define _TANDEM_SOURCE 1
| #define HAVE_NETLINK 1
| #define HAVE_IF_PACKET 1
| #define HAVE_STRUCT_STAT_ST_MTIM_TV_NSEC 1
| #define HAVE_MLOCKALL 1
| #define HAVE_STRNLEN 1
| #define HAVE_STRSIGNAL 1
| #define HAVE_GETLOADAVG 1
| #define HAVE_STATVFS 1
| #define HAVE_SETMNTENT 1
| #define HAVE_MNTENT_H 1
| #define HAVE_SYS_STATVFS_H 1
| #define HAVE_LINUX_TYPES_H 1
| #define HAVE_EXECINFO_H 1
| #define HAVE_BACKTRACE 1
| #define HAVE_MALLOC_HOOKS 1
| /* end confdefs.h.  */
| #include <valgrind/valgrind.h>
configure:6101: result: no
configure:6101: checking for valgrind/valgrind.h
configure:6101: result: no
configure:6111: checking for connect in -lsocket
configure:6136: gcc -o conftest -g -O2   conftest.c -lsocket  -lrt -lm  >&5
/usr/bin/ld: cannot find -lsocket
collect2: error: ld returned 1 exit status
configure:6136: $? = 1
configure: failed program was:
| /* confdefs.h */
| #define PACKAGE_NAME "openvswitch"
| #define PACKAGE_TARNAME "openvswitch"
| #define PACKAGE_VERSION "1.10.0"
| #define PACKAGE_STRING "openvswitch 1.10.0"
| #define PACKAGE_BUGREPORT "ovs-bugs@openvswitch.org"
| #define PACKAGE_URL ""
| #define PACKAGE "openvswitch"
| #define VERSION "1.10.0"
| #define STDC_HEADERS 1
| #define HAVE_SYS_TYPES_H 1
| #define HAVE_SYS_STAT_H 1
| #define HAVE_STDLIB_H 1
| #define HAVE_STRING_H 1
| #define HAVE_MEMORY_H 1
| #define HAVE_STRINGS_H 1
| #define HAVE_INTTYPES_H 1
| #define HAVE_STDINT_H 1
| #define HAVE_UNISTD_H 1
| #define __EXTENSIONS__ 1
| #define _ALL_SOURCE 1
| #define _GNU_SOURCE 1
| #define _POSIX_PTHREAD_SEMANTICS 1
| #define _TANDEM_SOURCE 1
| #define HAVE_NETLINK 1
| #define HAVE_IF_PACKET 1
| #define HAVE_STRUCT_STAT_ST_MTIM_TV_NSEC 1
| #define HAVE_MLOCKALL 1
| #define HAVE_STRNLEN 1
| #define HAVE_STRSIGNAL 1
| #define HAVE_GETLOADAVG 1
| #define HAVE_STATVFS 1
| #define HAVE_SETMNTENT 1
| #define HAVE_MNTENT_H 1
| #define HAVE_SYS_STATVFS_H 1
| #define HAVE_LINUX_TYPES_H 1
| #define HAVE_EXECINFO_H 1
| #define HAVE_BACKTRACE 1
| #define HAVE_MALLOC_HOOKS 1
| /* end confdefs.h.  */
| 
| /* Override any GCC internal prototype to avoid an error.
|    Use char because int might match the return type of a GCC
|    builtin and then its argument prototype would still apply.  */
| #ifdef __cplusplus
| extern "C"
| #endif
| char connect ();
| int
| main ()
| {
| return connect ();
|   ;
|   return 0;
| }
configure:6145: result: no
configure:6156: checking for library containing gethostbyname
configure:6187: gcc -o conftest -g -O2   conftest.c -lrt -lm  >&5
configure:6187: $? = 0
configure:6204: result: none required
configure:6212: checking for user-defined linker section support
configure:6249: gcc -o conftest -g -O2   conftest1.c conftest2.c -lrt -lm  >&5
configure:6258: $? = 0
configure:6280: result: yes
configure:6295: checking XenServer release
configure:6307: result: none
configure:6319: checking for groff
configure:6330: result: yes
configure:6340: checking whether make is GNU make
configure:6346: invoking make --version:
GNU Make 4.1
Built for x86_64-pc-linux-gnu
Copyright (C) 1988-2014 Free Software Foundation, Inc.
License GPLv3+: GNU GPL version 3 or later <http://gnu.org/licenses/gpl.html>
This is free software: you are free to change and redistribute it.
There is NO WARRANTY, to the extent permitted by law.
configure:6357: result: yes
configure:6383: checking whether gcc accepts -Wall
configure:6401: gcc -c -g -O2 -Wall  conftest.c >&5
configure:6401: $? = 0
configure:6409: result: yes
configure:6419: checking whether gcc accepts -Wno-sign-compare
configure:6437: gcc -c -g -O2 -Wno-sign-compare  conftest.c >&5
configure:6437: $? = 0
configure:6445: result: yes
configure:6455: checking whether gcc accepts -Wpointer-arith
configure:6473: gcc -c -g -O2 -Wpointer-arith  conftest.c >&5
configure:6473: $? = 0
configure:6481: result: yes
configure:6491: checking whether gcc accepts -Wdeclaration-after-statement
configure:6509: gcc -c -g -O2 -Wdeclaration-after-statement  conftest.c >&5
configure:6509: $? = 0
configure:6517: result: yes
configure:6527: checking whether gcc accepts -Wformat-security
configure:6545: gcc -c -g -O2 -Wformat-security  conftest.c >&5
configure:6545: $? = 0
configure:6553: result: yes
configure:6563: checking whether gcc accepts -Wswitch-enum
configure:6581: gcc -c -g -O2 -Wswitch-enum  conftest.c >&5
configure:6581: $? = 0
configure:6589: result: yes
configure:6599: checking whether gcc accepts -Wunused-parameter
configure:6617: gcc -c -g -O2 -Wunused-parameter  conftest.c >&5
configure:6617: $? = 0
configure:6625: result: yes
configure:6635: checking whether gcc accepts -Wstrict-aliasing
configure:6653: gcc -c -g -O2 -Wstrict-aliasing  conftest.c >&5
configure:6653: $? = 0
configure:6661: result: yes
configure:6671: checking whether gcc accepts -Wbad-function-cast
configure:6689: gcc -c -g -O2 -Wbad-function-cast  conftest.c >&5
configure:6689: $? = 0
configure:6697: result: yes
configure:6707: checking whether gcc accepts -Wcast-align
configure:6725: gcc -c -g -O2 -Wcast-align  conftest.c >&5
configure:6725: $? = 0
configure:6733: result: yes
configure:6743: checking whether gcc accepts -Wstrict-prototypes
configure:6761: gcc -c -g -O2 -Wstrict-prototypes  conftest.c >&5
conftest.c:44:1: warning: function declaration isn't a prototype [-Wstrict-prototypes]
 main ()
 ^~~~
configure:6761: $? = 0
configure:6769: result: yes
configure:6779: checking whether gcc accepts -Wold-style-definition
configure:6797: gcc -c -g -O2 -Wold-style-definition  conftest.c >&5
conftest.c: In function 'main':
conftest.c:44:1: warning: old-style function definition [-Wold-style-definition]
 main ()
 ^~~~
configure:6797: $? = 0
configure:6805: result: yes
configure:6815: checking whether gcc accepts -Wmissing-prototypes
configure:6833: gcc -c -g -O2 -Wmissing-prototypes  conftest.c >&5
configure:6833: $? = 0
configure:6841: result: yes
configure:6851: checking whether gcc accepts -Wmissing-field-initializers
configure:6869: gcc -c -g -O2 -Wmissing-field-initializers  conftest.c >&5
configure:6869: $? = 0
configure:6877: result: yes
configure:6887: checking whether gcc accepts -Wno-override-init
configure:6905: gcc -c -g -O2 -Wno-override-init  conftest.c >&5
configure:6905: $? = 0
configure:6913: result: yes
configure:6923: checking whether gcc accepts -Wno-unused
configure:6941: gcc -c -g -O2 -Wno-unused  conftest.c >&5
configure:6941: $? = 0
configure:6949: result: yes
configure:6966: checking whether gcc accepts -Wno-unused-parameter
configure:6984: gcc -c -g -O2 -Wno-unused-parameter  conftest.c >&5
configure:6984: $? = 0
configure:6992: result: yes
configure:7016: checking target hint for cgcc
configure:7030: result: x86_64
configure:7042: checking whether make has GNU make $(if) extension
configure:7053: invoking make -f conftest.mk all:
echo y > conftest.out
configure:7055: conftest.out contains:
y
configure:7065: result: yes
configure:7136: checking for Linux build directory
configure:7139: result: /lib/modules/4.13.0-16-generic/build
configure:7151: checking for Linux source directory
configure:7185: result: /lib/modules/4.13.0-16-generic/build
configure:7188: checking for kernel version
configure:7200: result: 4.13.4
configure:7226: checking whether src_err, matches in /lib/modules/4.13.0-16-generic/build/arch/x86/include/asm/checksum_32.h
configure:7240: result: no
configure:7256: checking whether ERR_CAST matches in /lib/modules/4.13.0-16-generic/build/include/linux/err.h
configure:7263: result: yes
configure:7286: checking whether eth_hw_addr_random matches in /lib/modules/4.13.0-16-generic/build/include/linux/etherdevice.h
configure:7293: result: yes
configure:7316: checking whether vlan_set_encap_proto matches in /lib/modules/4.13.0-16-generic/build/include/linux/if_vlan.h
configure:7323: result: yes
configure:7346: checking whether ipv4_is_multicast matches in /lib/modules/4.13.0-16-generic/build/include/linux/in.h
configure:7353: result: yes
configure:7376: checking whether dev_disable_lro matches in /lib/modules/4.13.0-16-generic/build/include/linux/netdevice.h
configure:7383: result: yes
configure:7405: checking whether dev_get_stats matches in /lib/modules/4.13.0-16-generic/build/include/linux/netdevice.h
configure:7412: result: yes
configure:7434: checking whether dev_get_by_index_rcu matches in /lib/modules/4.13.0-16-generic/build/include/linux/netdevice.h
configure:7441: result: yes
configure:7463: checking whether can_checksum_protocol matches in /lib/modules/4.13.0-16-generic/build/include/linux/netdevice.h
configure:7470: result: yes
configure:7493: checking whether rcu_read_lock_held matches in /lib/modules/4.13.0-16-generic/build/include/linux/rcupdate.h
configure:7500: result: yes
configure:7584: checking whether [^@]proto_data_valid matches in /lib/modules/4.13.0-16-generic/build/include/linux/skbuff.h
configure:7598: result: no
configure:7613: checking whether raw matches in /lib/modules/4.13.0-16-generic/build/include/linux/skbuff.h
configure:7620: result: yes
configure:7642: checking whether skb_dst( matches in /lib/modules/4.13.0-16-generic/build/include/linux/skbuff.h
configure:7649: result: yes
configure:7671: checking whether skb_copy_from_linear_data_offset matches in /lib/modules/4.13.0-16-generic/build/include/linux/skbuff.h
configure:7678: result: yes
configure:7700: checking whether skb_reset_tail_pointer matches in /lib/modules/4.13.0-16-generic/build/include/linux/skbuff.h
configure:7707: result: yes
configure:7729: checking whether skb_cow_head matches in /lib/modules/4.13.0-16-generic/build/include/linux/skbuff.h
configure:7736: result: yes
configure:7758: checking whether skb_transport_header matches in /lib/modules/4.13.0-16-generic/build/include/linux/skbuff.h
configure:7765: result: yes
configure:7787: checking whether icmp6_hdr matches in /lib/modules/4.13.0-16-generic/build/include/linux/icmpv6.h
configure:7794: result: yes
configure:7816: checking whether skb_warn_if_lro matches in /lib/modules/4.13.0-16-generic/build/include/linux/skbuff.h
configure:7823: result: yes
configure:7845: checking whether consume_skb matches in /lib/modules/4.13.0-16-generic/build/include/linux/skbuff.h
configure:7852: result: yes
configure:7874: checking whether skb_frag_page matches in /lib/modules/4.13.0-16-generic/build/include/linux/skbuff.h
configure:7881: result: yes
configure:7903: checking whether skb_reset_mac_len matches in /lib/modules/4.13.0-16-generic/build/include/linux/skbuff.h
configure:7910: result: yes
configure:7933: checking whether kmemdup matches in /lib/modules/4.13.0-16-generic/build/include/linux/string.h
configure:7940: result: yes
configure:8019: checking whether bool matches in /lib/modules/4.13.0-16-generic/build/include/linux/types.h
configure:8026: result: yes
configure:8048: checking whether __wsum matches in /lib/modules/4.13.0-16-generic/build/include/linux/types.h
configure:8062: result: no
configure:8078: checking whether csum_replace4 matches in /lib/modules/4.13.0-16-generic/build/include/net/checksum.h
configure:8085: result: yes
configure:8107: checking whether csum_unfold matches in /lib/modules/4.13.0-16-generic/build/include/net/checksum.h
configure:8114: result: yes
configure:8137: checking whether NLA_NUL_STRING matches in /lib/modules/4.13.0-16-generic/build/include/net/netlink.h
configure:8144: result: yes
configure:8166: checking whether nla_get_be16 matches in /lib/modules/4.13.0-16-generic/build/include/net/netlink.h
configure:8173: result: yes
configure:8195: checking whether nla_put_be16 matches in /lib/modules/4.13.0-16-generic/build/include/net/netlink.h
configure:8202: result: yes
configure:8224: checking whether nla_put_be32 matches in /lib/modules/4.13.0-16-generic/build/include/net/netlink.h
configure:8231: result: yes
configure:8253: checking whether nla_put_be64 matches in /lib/modules/4.13.0-16-generic/build/include/net/netlink.h
configure:8260: result: yes
configure:8282: checking whether nla_find_nested matches in /lib/modules/4.13.0-16-generic/build/include/net/netlink.h
configure:8289: result: yes
configure:8312: checking whether ADD_ALL_VLANS_CMD matches in /lib/modules/4.13.0-16-generic/build/include/linux/if_vlan.h
configure:8326: result: no
configure:8342: checking whether openvswitch_handle_frame_hook matches in /lib/modules/4.13.0-16-generic/build/include/linux/openvswitch.h
configure:8356: result: no
configure:8372: checking for /lib/modules/4.13.0-16-generic/build/include/linux/log2.h
configure:8375: result: yes
configure:8538: checking that generated files are newer than configure
configure:8544: result: done
configure:8638: creating ./config.status

## ---------------------- ##
## Running config.status. ##
## ---------------------- ##

This file was extended by openvswitch config.status 1.10.0, which was
generated by GNU Autoconf 2.69.  Invocation command line was

  CONFIG_FILES    = 
  CONFIG_HEADERS  = 
  CONFIG_LINKS    = 
  CONFIG_COMMANDS = 
  $ ./config.status 

on lemongrab-Aspire-5830T

config.status:941: creating Makefile
config.status:941: creating datapath/Makefile
config.status:941: creating datapath/linux/Kbuild
config.status:941: creating datapath/linux/Makefile
config.status:941: creating datapath/linux/Makefile.main
config.status:941: creating tests/atlocal
config.status:941: creating config.h
config.status:1170: executing tests/atconfig commands
config.status:1170: executing depfiles commands
config.status:1170: executing include/openflow/openflow.h.stamp commands
config.status:1170: executing ovsdb/ovsdbmonitor/dummy commands
config.status:1170: executing utilities/bugtool/dummy commands

## ---------------- ##
## Cache variables. ##
## ---------------- ##

ac_cv_c_bigendian=no
ac_cv_c_compiler_gnu=yes
ac_cv_env_CC_set=
ac_cv_env_CC_value=
ac_cv_env_CFLAGS_set=
ac_cv_env_CFLAGS_value=
ac_cv_env_CPPFLAGS_set=
ac_cv_env_CPPFLAGS_value=
ac_cv_env_CPP_set=
ac_cv_env_CPP_value=
ac_cv_env_KARCH_set=
ac_cv_env_KARCH_value=
ac_cv_env_LDFLAGS_set=
ac_cv_env_LDFLAGS_value=
ac_cv_env_LIBS_set=
ac_cv_env_LIBS_value=
ac_cv_env_PERL_set=
ac_cv_env_PERL_value=
ac_cv_env_PKG_CONFIG_LIBDIR_set=
ac_cv_env_PKG_CONFIG_LIBDIR_value=
ac_cv_env_PKG_CONFIG_PATH_set=
ac_cv_env_PKG_CONFIG_PATH_value=
ac_cv_env_PKG_CONFIG_set=
ac_cv_env_PKG_CONFIG_value=
ac_cv_env_SSL_CFLAGS_set=
ac_cv_env_SSL_CFLAGS_value=
ac_cv_env_SSL_LIBS_set=
ac_cv_env_SSL_LIBS_value=
ac_cv_env_build_alias_set=
ac_cv_env_build_alias_value=
ac_cv_env_host_alias_set=
ac_cv_env_host_alias_value=
ac_cv_env_target_alias_set=
ac_cv_env_target_alias_value=
ac_cv_func_backtrace=yes
ac_cv_func_getloadavg=yes
ac_cv_func_mlockall=yes
ac_cv_func_setmntent=yes
ac_cv_func_statvfs=yes
ac_cv_func_strnlen=yes
ac_cv_func_strsignal=yes
ac_cv_header_execinfo_h=yes
ac_cv_header_inttypes_h=yes
ac_cv_header_linux_netlink_h=yes
ac_cv_header_linux_types_h=yes
ac_cv_header_memory_h=yes
ac_cv_header_minix_config_h=no
ac_cv_header_mntent_h=yes
ac_cv_header_net_if_dl_h=no
ac_cv_header_net_if_packet_h=yes
ac_cv_header_stdc=yes
ac_cv_header_stdint_h=yes
ac_cv_header_stdlib_h=yes
ac_cv_header_string_h=yes
ac_cv_header_strings_h=yes
ac_cv_header_sys_stat_h=yes
ac_cv_header_sys_statvfs_h=yes
ac_cv_header_sys_types_h=yes
ac_cv_header_unistd_h=yes
ac_cv_header_valgrind_valgrind_h=no
ac_cv_header_vmware_h=no
ac_cv_lib_socket_connect=no
ac_cv_member_struct_stat_st_mtim_tv_nsec=yes
ac_cv_member_struct_stat_st_mtimensec=no
ac_cv_objext=o
ac_cv_path_EGREP='/bin/grep -E'
ac_cv_path_FGREP='/bin/grep -F'
ac_cv_path_GREP=/bin/grep
ac_cv_path_PERL=/usr/bin/perl
ac_cv_path_ac_pt_PKG_CONFIG=/usr/bin/pkg-config
ac_cv_path_install='/usr/bin/install -c'
ac_cv_path_mkdir=/bin/mkdir
ac_cv_prog_AWK=gawk
ac_cv_prog_CPP='gcc -E'
ac_cv_prog_ac_ct_CC=gcc
ac_cv_prog_ac_ct_RANLIB=ranlib
ac_cv_prog_cc_c89=
ac_cv_prog_cc_g=yes
ac_cv_prog_make_make_set=yes
ac_cv_safe_to_define___extensions__=yes
ac_cv_search_clock_gettime='none required'
ac_cv_search_gethostbyname='none required'
ac_cv_search_pcap_open_live=no
ac_cv_search_pow=-lm
ac_cv_search_timer_create=-lrt
ac_cv_sparse_target=x86_64
ac_cv_sys_file_offset_bits=no
ac_cv_sys_largefile_CC=no
am_cv_CC_dependencies_compiler_type=gcc3
am_cv_make_support_nested_variables=yes
am_cv_prog_cc_c_o=yes
ovs_cv__Wall=yes
ovs_cv__Wbad_function_cast=yes
ovs_cv__Wcast_align=yes
ovs_cv__Wdeclaration_after_statement=yes
ovs_cv__Wformat_security=yes
ovs_cv__Wmissing_field_initializers=yes
ovs_cv__Wmissing_prototypes=yes
ovs_cv__Wno_override_init=yes
ovs_cv__Wno_sign_compare=yes
ovs_cv__Wno_unused=yes
ovs_cv__Wno_unused_parameter=yes
ovs_cv__Wold_style_definition=yes
ovs_cv__Wpointer_arith=yes
ovs_cv__Wstrict_aliasing=yes
ovs_cv__Wstrict_prototypes=yes
ovs_cv__Wswitch_enum=yes
ovs_cv__Wunused_parameter=yes
ovs_cv_dot=no
ovs_cv_gnu_make=yes
ovs_cv_gnu_make_if=yes
ovs_cv_groff=yes
ovs_cv_malloc_hooks=yes
ovs_cv_py_PyQt4_QtCore=no
ovs_cv_py_PySide_QtCore=no
ovs_cv_py_json=yes
ovs_cv_py_twisted_application=yes
ovs_cv_py_twisted_conch_ssh=yes
ovs_cv_py_twisted_internet=yes
ovs_cv_py_zope_interface=yes
ovs_cv_python=/usr/bin/python
ovs_cv_pyuic4=no
ovs_cv_strtok_r_bug=no
ovs_cv_use_linker_sections=yes
ovs_cv_xsversion=none

## ----------------- ##
## Output variables. ##
## ----------------- ##

ACLOCAL='${SHELL} /home/lemongrab/Documents/DistrubutedSystemLab/openvswitch-1.10.0/build-aux/missing aclocal-1.15'
AMDEPBACKSLASH='\'
AMDEP_FALSE='#'
AMDEP_TRUE=''
AMTAR='$${TAR-tar}'
AM_BACKSLASH='\'
AM_DEFAULT_V='$(AM_DEFAULT_VERBOSITY)'
AM_DEFAULT_VERBOSITY='1'
AM_V='$(V)'
AUTOCONF='${SHELL} /home/lemongrab/Documents/DistrubutedSystemLab/openvswitch-1.10.0/build-aux/missing autoconf'
AUTOHEADER='${SHELL} /home/lemongrab/Documents/DistrubutedSystemLab/openvswitch-1.10.0/build-aux/missing autoheader'
AUTOM4TE='${SHELL} /home/lemongrab/Documents/DistrubutedSystemLab/openvswitch-1.10.0/build-aux/missing autom4te'
AUTOMAKE='${SHELL} /home/lemongrab/Documents/DistrubutedSystemLab/openvswitch-1.10.0/build-aux/missing automake-1.15'
AWK='gawk'
BUILD_OVSDBMONITOR_FALSE=''
BUILD_OVSDBMONITOR_TRUE='#'
CC='$(if $(C),REAL_CC="gcc" CHECK="$(SPARSE) -I $(top_srcdir)/include/sparse $(SPARSEFLAGS)" cgcc $(CGCCFLAGS),gcc)'
CCDEPMODE='depmode=gcc3'
CFLAGS='-g -O2'
CGCCFLAGS='-target=x86_64'
CPP='gcc -E'
CPPFLAGS=''
CYGPATH_W='echo'
DBDIR='${sysconfdir}/${PACKAGE}'
DEFS='-DHAVE_CONFIG_H'
DEPDIR='.deps'
ECHO_C=''
ECHO_N='-n'
ECHO_T=''
EGREP='/bin/grep -E'
ESX_FALSE=''
ESX_TRUE='#'
EXEEXT=''
FGREP='/bin/grep -F'
GNU_MAKE_FALSE='#'
GNU_MAKE_TRUE=''
GREP='/bin/grep'
HAVE_DOT_FALSE=''
HAVE_DOT_TRUE='#'
HAVE_GROFF_FALSE='#'
HAVE_GROFF_TRUE=''
HAVE_IF_DL_FALSE=''
HAVE_IF_DL_TRUE='#'
HAVE_IF_PACKET_FALSE='#'
HAVE_IF_PACKET_TRUE=''
HAVE_NETLINK_FALSE='#'
HAVE_NETLINK_TRUE=''
HAVE_OPENSSL='no'
HAVE_OPENSSL_FALSE=''
HAVE_OPENSSL_TRUE='#'
HAVE_PYTHON='yes'
HAVE_PYTHON_FALSE='#'
HAVE_PYTHON_TRUE=''
HAVE_WNO_UNUSED_FALSE='#'
HAVE_WNO_UNUSED_PARAMETER_FALSE='#'
HAVE_WNO_UNUSED_PARAMETER_TRUE=''
HAVE_WNO_UNUSED_TRUE=''
INSTALL_DATA='${INSTALL} -m 644'
INSTALL_PROGRAM='${INSTALL}'
INSTALL_SCRIPT='${INSTALL}'
INSTALL_STRIP_PROGRAM='$(install_sh) -c -s'
KARCH=''
KBUILD='/lib/modules/4.13.0-16-generic/build'
LDFLAGS=''
LIBOBJS=''
LIBS='-lrt -lm '
LINUX_DATAPATH_FALSE='#'
LINUX_DATAPATH_TRUE=''
LINUX_ENABLED_FALSE='#'
LINUX_ENABLED_TRUE=''
LOGDIR='${localstatedir}/log/${PACKAGE}'
LTLIBOBJS=''
MAKEINFO='${SHELL} /home/lemongrab/Documents/DistrubutedSystemLab/openvswitch-1.10.0/build-aux/missing makeinfo'
MKDIR_P='/bin/mkdir -p'
NDEBUG_FALSE=''
NDEBUG_TRUE='#'
OBJEXT='o'
PACKAGE='openvswitch'
PACKAGE_BUGREPORT='ovs-bugs@openvswitch.org'
PACKAGE_NAME='openvswitch'
PACKAGE_STRING='openvswitch 1.10.0'
PACKAGE_TARNAME='openvswitch'
PACKAGE_URL=''
PACKAGE_VERSION='1.10.0'
PATH_SEPARATOR=':'
PERL='/usr/bin/perl'
PKG_CONFIG='/usr/bin/pkg-config'
PKG_CONFIG_LIBDIR=''
PKG_CONFIG_PATH=''
PKIDIR='${localstatedir}/lib/openvswitch/pki'
PYTHON='/usr/bin/python'
PYUIC4='${SHELL} /home/lemongrab/Documents/DistrubutedSystemLab/openvswitch-1.10.0/build-aux/missing pyuic4'
RANLIB='ranlib'
RUNDIR='${localstatedir}/run/openvswitch'
SET_MAKE=''
SHELL='/bin/bash'
SPARSE='sparse'
SPARSEFLAGS='-m64'
SSL_CFLAGS=''
SSL_LIBS=''
STRIP=''
USE_LINKER_SECTIONS_FALSE='#'
USE_LINKER_SECTIONS_TRUE=''
VERSION='1.10.0'
WARNING_FLAGS=' -Wall -Wno-sign-compare -Wpointer-arith -Wdeclaration-after-statement -Wformat-security -Wswitch-enum -Wunused-parameter -Wstrict-aliasing -Wbad-function-cast -Wcast-align -Wstrict-prototypes -Wold-style-definition -Wmissing-prototypes -Wmissing-field-initializers -Wno-override-init'
ac_ct_CC='gcc'
am__EXEEXT_FALSE=''
am__EXEEXT_TRUE='#'
am__fastdepCC_FALSE='#'
am__fastdepCC_TRUE=''
am__include='include'
am__isrc=''
am__leading_dot='.'
am__nodep='_no'
am__quote=''
am__tar='$${TAR-tar} chof - "$$tardir"'
am__untar='$${TAR-tar} xf -'
bindir='${exec_prefix}/bin'
build_alias=''
datadir='${datarootdir}'
datarootdir='${prefix}/share'
docdir='${datarootdir}/doc/${PACKAGE_TARNAME}'
dvidir='${docdir}'
exec_prefix='${prefix}'
host_alias=''
htmldir='${docdir}'
includedir='${prefix}/include'
infodir='${datarootdir}/info'
install_sh='${SHELL} /home/lemongrab/Documents/DistrubutedSystemLab/openvswitch-1.10.0/build-aux/install-sh'
libdir='${exec_prefix}/lib'
libexecdir='${exec_prefix}/libexec'
localedir='${datarootdir}/locale'
localstatedir='${prefix}/var'
mandir='${datarootdir}/man'
mkdir_p='$(MKDIR_P)'
oldincludedir='/usr/include'
pdfdir='${docdir}'
prefix='/usr/local'
program_transform_name='s,x,x,'
psdir='${docdir}'
runstatedir='${localstatedir}/run'
sbindir='${exec_prefix}/sbin'
sharedstatedir='${prefix}/com'
sysconfdir='${prefix}/etc'
target_alias=''

## ----------- ##
## confdefs.h. ##
## ----------- ##

/* confdefs.h */
#define PACKAGE_NAME "openvswitch"
#define PACKAGE_TARNAME "openvswitch"
#define PACKAGE_VERSION "1.10.0"
#define PACKAGE_STRING "openvswitch 1.10.0"
#define PACKAGE_BUGREPORT "ovs-bugs@openvswitch.org"
#define PACKAGE_URL ""
#define PACKAGE "openvswitch"
#define VERSION "1.10.0"
#define STDC_HEADERS 1
#define HAVE_SYS_TYPES_H 1
#define HAVE_SYS_STAT_H 1
#define HAVE_STDLIB_H 1
#define HAVE_STRING_H 1
#define HAVE_MEMORY_H 1
#define HAVE_STRINGS_H 1
#define HAVE_INTTYPES_H 1
#define HAVE_STDINT_H 1
#define HAVE_UNISTD_H 1
#define __EXTENSIONS__ 1
#define _ALL_SOURCE 1
#define _GNU_SOURCE 1
#define _POSIX_PTHREAD_SEMANTICS 1
#define _TANDEM_SOURCE 1
#define HAVE_NETLINK 1
#define HAVE_IF_PACKET 1
#define HAVE_STRUCT_STAT_ST_MTIM_TV_NSEC 1
#define HAVE_MLOCKALL 1
#define HAVE_STRNLEN 1
#define HAVE_STRSIGNAL 1
#define HAVE_GETLOADAVG 1
#define HAVE_STATVFS 1
#define HAVE_SETMNTENT 1
#define HAVE_MNTENT_H 1
#define HAVE_SYS_STATVFS_H 1
#define HAVE_LINUX_TYPES_H 1
#define HAVE_EXECINFO_H 1
#define HAVE_BACKTRACE 1
#define HAVE_MALLOC_HOOKS 1
#define USE_LINKER_SECTIONS 1
#define LINUX_DATAPATH 1

configure: exit 0
